C:\USERS\KRUSE\DESKTOP\MA 303-BEZIER\BEZIERTEAPOT\BEZIERTEAPOT\DEBUG\BEZIERTEAPOT.OBJ
C:\USERS\KRUSE\DESKTOP\MA 303-BEZIER\BEZIERTEAPOT\BEZIERTEAPOT\DEBUG\VC110.PDB
C:\USERS\KRUSE\DESKTOP\MA 303-BEZIER\BEZIERTEAPOT\DEBUG\BEZIERTEAPOT.ILK
C:\USERS\KRUSE\DESKTOP\MA 303-BEZIER\BEZIERTEAPOT\DEBUG\BEZIERTEAPOT.EXE
C:\USERS\KRUSE\DESKTOP\MA 303-BEZIER\BEZIERTEAPOT\DEBUG\BEZIERTEAPOT.PDB
C:\Users\kruse\Desktop\MA 303-Bezier\BezierTeapot\BezierTeapot\Debug\BezierTeapot.obj
C:\Users\kruse\Desktop\MA 303-Bezier\BezierTeapot\BezierTeapot\Debug\cl.command.1.tlog
C:\Users\kruse\Desktop\MA 303-Bezier\BezierTeapot\BezierTeapot\Debug\CL.read.1.tlog
C:\Users\kruse\Desktop\MA 303-Bezier\BezierTeapot\BezierTeapot\Debug\CL.write.1.tlog
C:\Users\kruse\Desktop\MA 303-Bezier\BezierTeapot\BezierTeapot\Debug\link-cvtres.read.1.tlog
C:\Users\kruse\Desktop\MA 303-Bezier\BezierTeapot\BezierTeapot\Debug\link-cvtres.write.1.tlog
C:\Users\kruse\Desktop\MA 303-Bezier\BezierTeapot\BezierTeapot\Debug\link-rc.read.1.tlog
C:\Users\kruse\Desktop\MA 303-Bezier\BezierTeapot\BezierTeapot\Debug\link-rc.write.1.tlog
C:\Users\kruse\Desktop\MA 303-Bezier\BezierTeapot\BezierTeapot\Debug\link.command.1.tlog
C:\Users\kruse\Desktop\MA 303-Bezier\BezierTeapot\BezierTeapot\Debug\link.read.1.tlog
C:\Users\kruse\Desktop\MA 303-Bezier\BezierTeapot\BezierTeapot\Debug\link.write.1.tlog
C:\Users\kruse\Desktop\MA 303-Bezier\BezierTeapot\BezierTeapot\Debug\vc110.idb
C:\Users\kruse\Desktop\MA 303-Bezier\BezierTeapot\BezierTeapot\Debug\vc110.pdb
C:\Users\kruse\Desktop\MA 303-Bezier\BezierTeapot\Debug\BezierTeapot.pdb
C:\Users\kruse\Desktop\MA 303-Bezier\BezierTeapot\Debug\BezierTeapot.exe
C:\Users\kruse\Desktop\MA 303-Bezier\BezierTeapot\Debug\BezierTeapot.ilk
