C:\USERS\KRUSE\DESKTOP\CLASSES\MA 303-BEZIER\2DBEZIERINCLASS\2DBEZIERINCLASS\DEBUG\LAB22BEZIER2D.OBJ
C:\USERS\KRUSE\DESKTOP\CLASSES\MA 303-BEZIER\2DBEZIERINCLASS\2DBEZIERINCLASS\DEBUG\VC110.PDB
C:\USERS\KRUSE\DESKTOP\CLASSES\MA 303-BEZIER\2DBEZIERINCLASS\DEBUG\2DBEZIERINCLASS.ILK
C:\USERS\KRUSE\DESKTOP\CLASSES\MA 303-BEZIER\2DBEZIERINCLASS\DEBUG\2DBEZIERINCLASS.EXE
C:\USERS\KRUSE\DESKTOP\CLASSES\MA 303-BEZIER\2DBEZIERINCLASS\DEBUG\2DBEZIERINCLASS.PDB
C:\Users\kruse\Dropbox\Classes\MA 303-Bezier\2DBezierInClass\2DBezierInClass\Debug\Lab22Bezier2D.obj
C:\Users\kruse\Dropbox\Classes\MA 303-Bezier\2DBezierInClass\2DBezierInClass\Debug\cl.command.1.tlog
C:\Users\kruse\Dropbox\Classes\MA 303-Bezier\2DBezierInClass\2DBezierInClass\Debug\CL.read.1.tlog
C:\Users\kruse\Dropbox\Classes\MA 303-Bezier\2DBezierInClass\2DBezierInClass\Debug\CL.write.1.tlog
C:\Users\kruse\Dropbox\Classes\MA 303-Bezier\2DBezierInClass\2DBezierInClass\Debug\link-cvtres.read.1.tlog
C:\Users\kruse\Dropbox\Classes\MA 303-Bezier\2DBezierInClass\2DBezierInClass\Debug\link-cvtres.write.1.tlog
C:\Users\kruse\Dropbox\Classes\MA 303-Bezier\2DBezierInClass\2DBezierInClass\Debug\link-rc.read.1.tlog
C:\Users\kruse\Dropbox\Classes\MA 303-Bezier\2DBezierInClass\2DBezierInClass\Debug\link-rc.write.1.tlog
C:\Users\kruse\Dropbox\Classes\MA 303-Bezier\2DBezierInClass\2DBezierInClass\Debug\link.command.1.tlog
C:\Users\kruse\Dropbox\Classes\MA 303-Bezier\2DBezierInClass\2DBezierInClass\Debug\link.read.1.tlog
C:\Users\kruse\Dropbox\Classes\MA 303-Bezier\2DBezierInClass\2DBezierInClass\Debug\link.write.1.tlog
C:\Users\kruse\Dropbox\Classes\MA 303-Bezier\2DBezierInClass\2DBezierInClass\Debug\vc110.idb
C:\Users\kruse\Dropbox\Classes\MA 303-Bezier\2DBezierInClass\2DBezierInClass\Debug\vc110.pdb
C:\Users\kruse\Dropbox\Classes\MA 303-Bezier\2DBezierInClass\Debug\2DBezierInClass.pdb
C:\Users\kruse\Dropbox\Classes\MA 303-Bezier\2DBezierInClass\Debug\2DBezierInClass.exe
C:\Users\kruse\Dropbox\Classes\MA 303-Bezier\2DBezierInClass\Debug\2DBezierInClass.ilk
